<?xml version="1.0" encoding="UTF-8"?>
<!-- Generated by org.testng.reporters.JUnitXMLReporter -->
<testsuite ignored="0" hostname="DESKTOP-8TKUC8G" failures="0" tests="4" name="Test1" time="0.111" errors="0" timestamp="2023-12-20T10:22:57 IST">
  <testcase classname="practice_package.Testng01" name="awhi" time="0.006"/>
  <testcase classname="practice_package.Testng01" name="arun" time="0.002"/>
  <testcase classname="practice_package.Testng01" name="keerthi" time="0.005"/>
  <testcase classname="practice_package.Second_test" name="second_testmethod" time="0.001"/>
</testsuite> <!-- Test1 -->
