<?xml version="1.0" encoding="UTF-8"?>
<testng-results ignored="0" total="4" passed="4" failed="0" skipped="0">
  <reporter-output>
  </reporter-output>
  <suite started-at="2023-12-20T10:22:57 IST" name="Suite1" finished-at="2023-12-20T10:22:57 IST" duration-ms="111">
    <groups>
    </groups>
    <test started-at="2023-12-20T10:22:57 IST" name="Test1" finished-at="2023-12-20T10:22:57 IST" duration-ms="111">
      <class name="practice_package.Second_test">
        <test-method signature="second_testmethod()[pri:0, instance:practice_package.Second_test@43dac38f]" started-at="2023-12-20T10:22:57 IST" name="second_testmethod" finished-at="2023-12-20T10:22:57 IST" duration-ms="1" status="PASS">
          <reporter-output>
          </reporter-output>
        </test-method> <!-- second_testmethod -->
      </class> <!-- practice_package.Second_test -->
      <class name="practice_package.Testng01">
        <test-method is-config="true" signature="before_test()[pri:0, instance:practice_package.Testng01@6fd83fc1]" started-at="2023-12-20T10:22:57 IST" name="before_test" finished-at="2023-12-20T10:22:57 IST" duration-ms="7" status="PASS">
          <reporter-output>
          </reporter-output>
        </test-method> <!-- before_test -->
        <test-method is-config="true" signature="shebber()[pri:0, instance:practice_package.Testng01@6fd83fc1]" started-at="2023-12-20T10:22:57 IST" name="shebber" finished-at="2023-12-20T10:22:57 IST" duration-ms="0" status="PASS">
          <reporter-output>
          </reporter-output>
        </test-method> <!-- shebber -->
        <test-method is-config="true" signature="f2()[pri:0, instance:practice_package.Testng01@6fd83fc1]" started-at="2023-12-20T10:22:57 IST" name="f2" finished-at="2023-12-20T10:22:57 IST" duration-ms="2" status="PASS">
          <reporter-output>
          </reporter-output>
        </test-method> <!-- f2 -->
        <test-method signature="awhi()[pri:1, instance:practice_package.Testng01@6fd83fc1]" started-at="2023-12-20T10:22:57 IST" name="awhi" finished-at="2023-12-20T10:22:57 IST" duration-ms="6" status="PASS">
          <reporter-output>
          </reporter-output>
        </test-method> <!-- awhi -->
        <test-method is-config="true" signature="f3()[pri:0, instance:practice_package.Testng01@6fd83fc1]" started-at="2023-12-20T10:22:57 IST" name="f3" finished-at="2023-12-20T10:22:57 IST" duration-ms="1" status="PASS">
          <reporter-output>
          </reporter-output>
        </test-method> <!-- f3 -->
        <test-method signature="arun()[pri:2, instance:practice_package.Testng01@6fd83fc1]" started-at="2023-12-20T10:22:57 IST" name="arun" finished-at="2023-12-20T10:22:57 IST" duration-ms="2" status="PASS">
          <reporter-output>
          </reporter-output>
        </test-method> <!-- arun -->
        <test-method is-config="true" signature="f2()[pri:0, instance:practice_package.Testng01@6fd83fc1]" started-at="2023-12-20T10:22:57 IST" name="f2" finished-at="2023-12-20T10:22:57 IST" duration-ms="0" status="PASS">
          <reporter-output>
          </reporter-output>
        </test-method> <!-- f2 -->
        <test-method is-config="true" signature="f3()[pri:0, instance:practice_package.Testng01@6fd83fc1]" started-at="2023-12-20T10:22:57 IST" name="f3" finished-at="2023-12-20T10:22:57 IST" duration-ms="1" status="PASS">
          <reporter-output>
          </reporter-output>
        </test-method> <!-- f3 -->
        <test-method is-config="true" signature="f2()[pri:0, instance:practice_package.Testng01@6fd83fc1]" started-at="2023-12-20T10:22:57 IST" name="f2" finished-at="2023-12-20T10:22:57 IST" duration-ms="2" status="PASS">
          <reporter-output>
          </reporter-output>
        </test-method> <!-- f2 -->
        <test-method signature="keerthi()[pri:3, instance:practice_package.Testng01@6fd83fc1]" started-at="2023-12-20T10:22:57 IST" name="keerthi" finished-at="2023-12-20T10:22:57 IST" duration-ms="5" status="PASS">
          <reporter-output>
          </reporter-output>
        </test-method> <!-- keerthi -->
        <test-method is-config="true" signature="f3()[pri:0, instance:practice_package.Testng01@6fd83fc1]" started-at="2023-12-20T10:22:57 IST" name="f3" finished-at="2023-12-20T10:22:57 IST" duration-ms="2" status="PASS">
          <reporter-output>
          </reporter-output>
        </test-method> <!-- f3 -->
        <test-method is-config="true" signature="balu()[pri:0, instance:practice_package.Testng01@6fd83fc1]" started-at="2023-12-20T10:22:57 IST" name="balu" finished-at="2023-12-20T10:22:57 IST" duration-ms="2" status="PASS">
          <reporter-output>
          </reporter-output>
        </test-method> <!-- balu -->
        <test-method is-config="true" signature="after_test()[pri:0, instance:practice_package.Testng01@6fd83fc1]" started-at="2023-12-20T10:22:57 IST" name="after_test" finished-at="2023-12-20T10:22:57 IST" duration-ms="1" status="PASS">
          <reporter-output>
          </reporter-output>
        </test-method> <!-- after_test -->
      </class> <!-- practice_package.Testng01 -->
    </test> <!-- Test1 -->
  </suite> <!-- Suite1 -->
</testng-results>
